= Host-specific information ====================================================
$> hostname; uname -msr
e1r4p4.1337.ma
Darwin 16.7.0 x86_64
$> date
Sun Jul 21 00:28:33 WEST 2019
$> gcc --version
Configured with: --prefix=/Applications/Xcode.app/Contents/Developer/usr --with-gxx-include-dir=/usr/include/c++/4.2.1
Apple LLVM version 9.0.0 (clang-900.0.39.2)
Target: x86_64-apple-darwin16.7.0
Thread model: posix
InstalledDir: /Applications/Xcode.app/Contents/Developer/Toolchains/XcodeDefault.xctoolchain/usr/bin
$> clang --version
Apple LLVM version 9.0.0 (clang-900.0.39.2)
Target: x86_64-apple-darwin16.7.0
Thread model: posix
InstalledDir: /Applications/Xcode.app/Contents/Developer/Toolchains/XcodeDefault.xctoolchain/usr/bin

= User files collection ========================================================
Collecting user files from Vogsphere
Repository URL: auto-exam/2019/c-exam-alone-in-the-dark-beginner/practice-exam_20190720/nkhribec2

= Git history ==================================================================
$> git -C /var/folders/yj/cd_8718n6454c1h3bpnvp72w0000gq/T/tmpAZU_UE/user log --pretty='%H - %an, %ad : %s'
b783a7cbeec3e97fd2b8d62d079bbf0cc0ba2f80 - adamkhribeche, Sun Jul 21 00:27:36 2019 +0100 : ok
 
= Collected files ==========================================
$> ls -lAR /var/folders/yj/cd_8718n6454c1h3bpnvp72w0000gq/T/tmpAZU_UE/user
total 8
-rw-r--r--  1 deepthought  deepthought  256 Jul 21 00:28 __GIT_HISTORY
drwxr-xr-x  3 deepthought  deepthought  102 Jul 21 00:28 cycle_detector

/var/folders/yj/cd_8718n6454c1h3bpnvp72w0000gq/T/tmpAZU_UE/user/cycle_detector:
total 8
-rw-r--r--  1 deepthought  deepthought  1280 Jul 21 00:28 cycle_detector.c
 
= cycle_detector ===============================================================
$> gcc -Wextra -Wall -Werror main.c test_cycle_detector.c cycle_detector.c -o user_exe 

= Test 1 ===================================================
$> ./eebs3kjaz0roatywnqp0z7wt
$> diff -U 3 user_output_test1 test1.output | cat -e

Diff OK :D
Grade: 1

= Final grade: 1 ===============================================================
