= Host-specific information ====================================================
$> hostname; uname -msr
e2r4p7.1337.ma
Darwin 16.7.0 x86_64
$> date
Thu Jul 25 04:07:46 WEST 2019
$> gcc --version
Configured with: --prefix=/Library/Developer/CommandLineTools/usr --with-gxx-include-dir=/usr/include/c++/4.2.1
Apple LLVM version 8.1.0 (clang-802.0.38)
Target: x86_64-apple-darwin16.7.0
Thread model: posix
InstalledDir: /Library/Developer/CommandLineTools/usr/bin
$> clang --version
Apple LLVM version 8.1.0 (clang-802.0.38)
Target: x86_64-apple-darwin16.7.0
Thread model: posix
InstalledDir: /Library/Developer/CommandLineTools/usr/bin

= User files collection ========================================================
Collecting user files from Vogsphere
Repository URL: auto-exam/2019/c-exam-alone-in-the-dark-beginner/practice-exam_20190725/nkhribec4

= Git history ==================================================================
$> git -C /var/folders/n1/m6h0sjcd2jggql8x43y5bnt00000gq/T/tmp8EYe4R/user log --pretty='%H - %an, %ad : %s'
f3a865ed43b622bf7b2bf18914a4a1eb12ba6c60 - adamkhribeche, Thu Jul 25 04:07:10 2019 +0100 : ok
 
= Collected files ==========================================
$> ls -lAR /var/folders/n1/m6h0sjcd2jggql8x43y5bnt00000gq/T/tmp8EYe4R/user
total 8
-rw-r--r--  1 deepthought  deepthought  257 Jul 25 04:07 __GIT_HISTORY
drwxr-xr-x  3 deepthought  deepthought  102 Jul 25 04:07 options

/var/folders/n1/m6h0sjcd2jggql8x43y5bnt00000gq/T/tmp8EYe4R/user/options:
total 8
-rw-r--r--  1 deepthought  deepthought  2026 Jul 25 04:07 options.c
 
= options ======================================================================
$> gcc -Wextra -Wall -Werror options.c -o user_exe 

= Test 1 ===================================================
$> ./u45q539ndqvzip7z884ccnlm 
$> diff -U 3 user_output_test1 test1.output | cat -e

Diff OK :D
= Test 2 ===================================================
$> ./w1gnjip6q2dra3a3buwadhze -abcz -w -ijfek -lildali -pirmakn -apizobouzaguoca
$> diff -U 3 user_output_test2 test2.output | cat -e

Diff OK :D
= Test 3 ===================================================
$> ./5k1hp75h84uct60xqrd4w6cv -z bonjour -cd -e
$> diff -U 3 user_output_test3 test3.output | cat -e

Diff OK :D
= Test 4 ===================================================
$> ./uuojesojag3v7vdncp8vcisr -a --a
$> diff -U 3 user_output_test4 test4.output | cat -e

Diff OK :D
= Test 5 ===================================================
$> ./udj7ask40771qr79kerm9ash -ab% -zd
$> diff -U 3 user_output_test5 test5.output | cat -e

Diff OK :D
= Test 6 ===================================================
$> ./r57xgf91fj3hq1abzo80yobf -abcdefgijklmnopqrstuvwxyz
$> diff -U 3 user_output_test6 test6.output | cat -e

Diff OK :D
= Test 7 ===================================================
$> ./9rrf8jj9tlpk9q6th0tvbp9h Bonjour
$> diff -U 3 user_output_test7 test7.output | cat -e

Diff OK :D
= Test 8 ===================================================
$> ./vefzr4wto2i1xv7ua7yd6ggn -
$> diff -U 3 user_output_test8 test8.output | cat -e

Diff OK :D
Grade: 1

= Final grade: 1 ===============================================================
